-------------------------------------------------------------------------------
Test set: io.cucumber.luiz.RunCucumberTest
-------------------------------------------------------------------------------
Tests run: 12, Failures: 0, Errors: 11, Skipped: 1, Time elapsed: 13.703 sec <<< FAILURE!
Enter Vehicle Data(Validacao usabilidade de site)  Time elapsed: 6.709 sec  <<< ERROR!
java.lang.NullPointerException
	at io.cucumber.luiz.steps.CommonSteps.seleciono(CommonSteps.java:30)
	at ✽.seleciono "Make": "Audi"(classpath:io/cucumber/luiz/validacaoFormulario.feature:16)

Acessar, preencher formulario e enviar email(Validacao usabilidade de site)  Time elapsed: 1.209 sec  <<< ERROR!
java.lang.NullPointerException
	at io.cucumber.luiz.steps.CommonSteps.que_eu_estou_no_site_da_Tricentis_no_formulario(CommonSteps.java:24)
	at ✽.que eu estou no formulario "Vehicle Data"(classpath:io/cucumber/luiz/validacaoFormulario.feature:27)

Acessar, preencher formulario e enviar email(Validacao usabilidade de site)  Time elapsed: 1.21 sec  <<< ERROR!
io.cucumber.junit.UndefinedStepException: The step "preencho  "Last Name": "Hopper"" is undefined. You can implement it using tne snippet(s) below:

@Dado("preencho  {string}: {string}")
public void preencho(String string, String string2) {
    // Write code here that turns the phrase above into concrete actions
    throw new io.cucumber.java.PendingException();
}

Some other steps were also undefined:

@Dado("seleciono Gender Male")
public void seleciono_Gender_Male() {
    // Write code here that turns the phrase above into concrete actions
    throw new io.cucumber.java.PendingException();
}
@Dado("seleciono Hobbies Other")
public void seleciono_Hobbies_Other() {
    // Write code here that turns the phrase above into concrete actions
    throw new io.cucumber.java.PendingException();
}


Acessar, preencher formulario e enviar email(Validacao usabilidade de site)  Time elapsed: 1.218 sec  <<< ERROR!
io.cucumber.junit.UndefinedStepException: The step "seleciono Gender Male" is undefined. You can implement it using tne snippet(s) below:

@Dado("seleciono Gender Male")
public void seleciono_Gender_Male() {
    // Write code here that turns the phrase above into concrete actions
    throw new io.cucumber.java.PendingException();
}

Some other steps were also undefined:

@Dado("seleciono Hobbies Other")
public void seleciono_Hobbies_Other() {
    // Write code here that turns the phrase above into concrete actions
    throw new io.cucumber.java.PendingException();
}


Acessar, preencher formulario e enviar email(Validacao usabilidade de site)  Time elapsed: 1.22 sec  <<< ERROR!
io.cucumber.junit.UndefinedStepException: The step "seleciono Hobbies Other" is undefined. You can implement it using tne snippet(s) below:

@Dado("seleciono Hobbies Other")
public void seleciono_Hobbies_Other() {
    // Write code here that turns the phrase above into concrete actions
    throw new io.cucumber.java.PendingException();
}

Enter Product Data(Validacao usabilidade de site)  Time elapsed: 0.913 sec  <<< ERROR!
java.lang.NullPointerException
	at io.cucumber.luiz.steps.CommonSteps.que_eu_estou_no_site_da_Tricentis_no_formulario(CommonSteps.java:24)
	at ✽.que eu estou no formulario "Product Data"(classpath:io/cucumber/luiz/validacaoFormulario.feature:43)

Enter Product Data(Validacao usabilidade de site)  Time elapsed: 0.919 sec  <<< ERROR!
io.cucumber.junit.UndefinedStepException: The step "informo "Start Date": "05/05/2021"" is undefined. You can implement it using tne snippet(s) below:

@Dado("informo {string}: {string}")
public void informo(String string, String string2) {
    // Write code here that turns the phrase above into concrete actions
    throw new io.cucumber.java.PendingException();
}

Some other steps were also undefined:

@Dado("seleciono Optional Products Euro Protection")
public void seleciono_Optional_Products_Euro_Protection() {
    // Write code here that turns the phrase above into concrete actions
    throw new io.cucumber.java.PendingException();
}


Enter Product Data(Validacao usabilidade de site)  Time elapsed: 0.919 sec  <<< ERROR!
io.cucumber.junit.UndefinedStepException: The step "seleciono Optional Products Euro Protection" is undefined. You can implement it using tne snippet(s) below:

@Dado("seleciono Optional Products Euro Protection")
public void seleciono_Optional_Products_Euro_Protection() {
    // Write code here that turns the phrase above into concrete actions
    throw new io.cucumber.java.PendingException();
}

Select Price Option(Validacao usabilidade de site)  Time elapsed: 1.067 sec  <<< ERROR!
java.lang.NullPointerException
	at io.cucumber.luiz.steps.CommonSteps.que_eu_estou_no_site_da_Tricentis_no_formulario(CommonSteps.java:24)
	at ✽.que eu estou no formulario "Price Option"(classpath:io/cucumber/luiz/validacaoFormulario.feature:53)

Select Price Option(Validacao usabilidade de site)  Time elapsed: 1.068 sec  <<< ERROR!
io.cucumber.junit.UndefinedStepException: The step "seleciono Select Option o plano Ultimate" is undefined. You can implement it using tne snippet(s) below:

@Dado("seleciono Select Option o plano Ultimate")
public void seleciono_Select_Option_o_plano_Ultimate() {
    // Write code here that turns the phrase above into concrete actions
    throw new io.cucumber.java.PendingException();
}

Some other steps were also undefined:

@Entao("devo clicar Next para o formulario {string}")
public void devo_clicar_Next_para_o_formulario(String string) {
    // Write code here that turns the phrase above into concrete actions
    throw new io.cucumber.java.PendingException();
}


Select Price Option(Validacao usabilidade de site)  Time elapsed: 1.069 sec  <<< ERROR!
io.cucumber.junit.UndefinedStepException: The step "devo clicar Next para o formulario "send quote"" is undefined. You can implement it using tne snippet(s) below:

@Entao("devo clicar Next para o formulario {string}")
public void devo_clicar_Next_para_o_formulario(String string) {
    // Write code here that turns the phrase above into concrete actions
    throw new io.cucumber.java.PendingException();
}

